<?xml version="1.0" encoding="UTF-8"?>
<!-- Generated by org.testng.reporters.JUnitXMLReporter -->
<testsuite ignored="0" hostname="SarthakThinkpad" failures="0" tests="3" name="Default test" time="20.039" errors="0" timestamp="2023-05-27T12:22:27 GMT-04:00">
  <testcase classname="com.tutorialsninja.qa.testcases.SearchProductTest" name="searchWithValidProduct" time="0.97"/>
  <testcase classname="com.tutorialsninja.qa.testcases.SearchProductTest" name="searchWithInvalidProduct" time="0.544"/>
  <testcase classname="com.tutorialsninja.qa.testcases.SearchProductTest" name="searchWithNoProduct" time="0.482"/>
</testsuite> <!-- Default test -->
